Training CNN_DF model...
Using 4 GPUs for training.
Training CNN_DF model...
Using 4 GPUs for training.
Training CNN_DF model...
Using 4 GPUs for training.
Training CNN_DF model...
Using 4 GPUs for training.
Epoch [1/20000], Loss: 0.2569
Epoch [1/20000], Loss: 0.2569
Epoch [1/20000], Loss: 0.2569
Epoch [1/20000], Loss: 0.2569
Epoch [2/20000], Loss: 0.1875
Epoch [2/20000], Loss: 0.1875
Epoch [2/20000], Loss: 0.1875
Epoch [2/20000], Loss: 0.1875
Epoch [3/20000], Loss: 0.1734
Epoch [3/20000], Loss: 0.1734
Epoch [3/20000], Loss: 0.1734
Epoch [3/20000], Loss: 0.1734
Epoch [4/20000], Loss: 0.1577
Epoch [4/20000], Loss: 0.1577
Epoch [4/20000], Loss: 0.1577
Epoch [4/20000], Loss: 0.1577
Epoch [5/20000], Loss: 0.1533
Epoch [5/20000], Loss: 0.1533
Epoch [5/20000], Loss: 0.1533
Epoch [5/20000], Loss: 0.1533
Epoch [6/20000], Loss: 0.1487
Epoch [6/20000], Loss: 0.1487
Epoch [6/20000], Loss: 0.1487
Epoch [6/20000], Loss: 0.1487
Epoch [7/20000], Loss: 0.1438
Epoch [7/20000], Loss: 0.1438
Epoch [7/20000], Loss: 0.1438
Epoch [7/20000], Loss: 0.1438
Epoch [8/20000], Loss: 0.1414
Epoch [8/20000], Loss: 0.1414
Epoch [8/20000], Loss: 0.1414
Epoch [8/20000], Loss: 0.1414
Epoch [9/20000], Loss: 0.1414
Epoch [9/20000], Loss: 0.1414
Epoch [9/20000], Loss: 0.1414
Epoch [9/20000], Loss: 0.1414
Epoch [10/20000], Loss: 0.1383
Epoch [10/20000], Loss: 0.1383
Epoch [10/20000], Loss: 0.1383
Epoch [10/20000], Loss: 0.1383
Epoch [11/20000], Loss: 0.1378
Epoch [11/20000], Loss: 0.1378
Epoch [11/20000], Loss: 0.1378
Epoch [11/20000], Loss: 0.1378
Epoch [12/20000], Loss: 0.1373
Epoch [12/20000], Loss: 0.1373
Epoch [12/20000], Loss: 0.1373
Epoch [12/20000], Loss: 0.1373
Epoch [13/20000], Loss: 0.1331
Epoch [13/20000], Loss: 0.1331
Epoch [13/20000], Loss: 0.1331
Epoch [13/20000], Loss: 0.1331
Epoch [14/20000], Loss: 0.1321
Epoch [14/20000], Loss: 0.1321
Epoch [14/20000], Loss: 0.1321
Epoch [14/20000], Loss: 0.1321
Epoch [15/20000], Loss: 0.1333
Epoch [15/20000], Loss: 0.1333
Epoch [15/20000], Loss: 0.1333
Epoch [15/20000], Loss: 0.1333
Epoch [16/20000], Loss: 0.1312
Epoch [16/20000], Loss: 0.1312
Epoch [16/20000], Loss: 0.1312
Epoch [16/20000], Loss: 0.1312
Epoch [17/20000], Loss: 0.1293
Epoch [17/20000], Loss: 0.1293
Epoch [17/20000], Loss: 0.1293
Epoch [17/20000], Loss: 0.1293
Epoch [18/20000], Loss: 0.1284
Epoch [18/20000], Loss: 0.1284
Epoch [18/20000], Loss: 0.1284
Epoch [18/20000], Loss: 0.1284
Epoch [19/20000], Loss: 0.1281
Epoch [19/20000], Loss: 0.1281
Epoch [19/20000], Loss: 0.1281
Epoch [19/20000], Loss: 0.1281
Epoch [20/20000], Loss: 0.1256
Checkpoint saved at /work2/10214/yu_yao/Research_Projects/Microstructure_Enough/deep_faker/src/checkpoints_main/cp_CNN_DF/checkpoint_epoch_20.pth
Epoch [20/20000], Loss: 0.1256
Checkpoint saved at /work2/10214/yu_yao/Research_Projects/Microstructure_Enough/deep_faker/src/checkpoints_main/cp_CNN_DF/checkpoint_epoch_20.pth
Epoch [20/20000], Loss: 0.1256
Checkpoint saved at /work2/10214/yu_yao/Research_Projects/Microstructure_Enough/deep_faker/src/checkpoints_main/cp_CNN_DF/checkpoint_epoch_20.pth
Epoch [20/20000], Loss: 0.1256
Checkpoint saved at /work2/10214/yu_yao/Research_Projects/Microstructure_Enough/deep_faker/src/checkpoints_main/cp_CNN_DF/checkpoint_epoch_20.pth
Epoch [21/20000], Loss: 0.1268
Epoch [21/20000], Loss: 0.1268
Epoch [21/20000], Loss: 0.1268
Epoch [21/20000], Loss: 0.1268
Epoch [22/20000], Loss: 0.1251
Epoch [22/20000], Loss: 0.1251
Epoch [22/20000], Loss: 0.1251
Epoch [22/20000], Loss: 0.1251
Epoch [23/20000], Loss: 0.1246
Epoch [23/20000], Loss: 0.1246
Epoch [23/20000], Loss: 0.1246
Epoch [23/20000], Loss: 0.1246
Epoch [24/20000], Loss: 0.1246
Epoch [24/20000], Loss: 0.1246
Epoch [24/20000], Loss: 0.1246
Epoch [24/20000], Loss: 0.1246
Epoch [25/20000], Loss: 0.1251
Epoch [25/20000], Loss: 0.1251
Epoch [25/20000], Loss: 0.1251
Epoch [25/20000], Loss: 0.1251
Epoch [26/20000], Loss: 0.1244
Epoch [26/20000], Loss: 0.1244
Epoch [26/20000], Loss: 0.1244
Epoch [26/20000], Loss: 0.1244
Epoch [27/20000], Loss: 0.1242
Epoch [27/20000], Loss: 0.1242
Epoch [27/20000], Loss: 0.1242
Epoch [27/20000], Loss: 0.1242
Epoch [28/20000], Loss: 0.1228
Epoch [28/20000], Loss: 0.1228
Epoch [28/20000], Loss: 0.1228
Epoch [28/20000], Loss: 0.1228
Epoch [29/20000], Loss: 0.1221
Epoch [29/20000], Loss: 0.1221
Epoch [29/20000], Loss: 0.1221
Epoch [29/20000], Loss: 0.1221
Epoch [30/20000], Loss: 0.1232
Epoch [30/20000], Loss: 0.1232
Epoch [30/20000], Loss: 0.1232
Epoch [30/20000], Loss: 0.1232
Epoch [31/20000], Loss: 0.1224
Epoch [31/20000], Loss: 0.1224
Epoch [31/20000], Loss: 0.1224
Epoch [31/20000], Loss: 0.1224
Epoch [32/20000], Loss: 0.1217
Epoch [32/20000], Loss: 0.1217
Epoch [32/20000], Loss: 0.1217
Epoch [32/20000], Loss: 0.1217
Epoch [33/20000], Loss: 0.1243
Epoch [33/20000], Loss: 0.1243
Epoch [33/20000], Loss: 0.1243
Epoch [33/20000], Loss: 0.1243
Epoch [34/20000], Loss: 0.1225
Epoch [34/20000], Loss: 0.1225
Epoch [34/20000], Loss: 0.1225
Epoch [34/20000], Loss: 0.1225
Epoch [35/20000], Loss: 0.1249
Epoch [35/20000], Loss: 0.1249
Epoch [35/20000], Loss: 0.1249
Epoch [35/20000], Loss: 0.1249
Epoch [36/20000], Loss: 0.1215
Epoch [36/20000], Loss: 0.1215
Epoch [36/20000], Loss: 0.1215
Epoch [36/20000], Loss: 0.1215
Epoch [37/20000], Loss: 0.1221
Epoch [37/20000], Loss: 0.1221
Epoch [37/20000], Loss: 0.1221
Epoch [37/20000], Loss: 0.1221
Epoch [38/20000], Loss: 0.1203
Epoch [38/20000], Loss: 0.1203
Epoch [38/20000], Loss: 0.1203
Epoch [38/20000], Loss: 0.1203
Epoch [39/20000], Loss: 0.1211
Epoch [39/20000], Loss: 0.1211
Epoch [39/20000], Loss: 0.1211
Epoch [39/20000], Loss: 0.1211
Epoch [40/20000], Loss: 0.1200
Checkpoint saved at /work2/10214/yu_yao/Research_Projects/Microstructure_Enough/deep_faker/src/checkpoints_main/cp_CNN_DF/checkpoint_epoch_40.pth
Epoch [40/20000], Loss: 0.1200
Checkpoint saved at /work2/10214/yu_yao/Research_Projects/Microstructure_Enough/deep_faker/src/checkpoints_main/cp_CNN_DF/checkpoint_epoch_40.pth
Epoch [40/20000], Loss: 0.1200
Checkpoint saved at /work2/10214/yu_yao/Research_Projects/Microstructure_Enough/deep_faker/src/checkpoints_main/cp_CNN_DF/checkpoint_epoch_40.pth
Epoch [40/20000], Loss: 0.1200
Checkpoint saved at /work2/10214/yu_yao/Research_Projects/Microstructure_Enough/deep_faker/src/checkpoints_main/cp_CNN_DF/checkpoint_epoch_40.pth
Epoch [41/20000], Loss: 0.1220
Epoch [41/20000], Loss: 0.1220
Epoch [41/20000], Loss: 0.1220
Epoch [41/20000], Loss: 0.1220
Epoch [42/20000], Loss: 0.1219
Epoch [42/20000], Loss: 0.1219
Epoch [42/20000], Loss: 0.1219
Epoch [42/20000], Loss: 0.1219
Epoch [43/20000], Loss: 0.1201
Epoch [43/20000], Loss: 0.1201
Epoch [43/20000], Loss: 0.1201
Epoch [43/20000], Loss: 0.1201
Epoch [44/20000], Loss: 0.1185
Epoch [44/20000], Loss: 0.1185
Epoch [44/20000], Loss: 0.1185
Epoch [44/20000], Loss: 0.1185
Epoch [45/20000], Loss: 0.1200
Epoch [45/20000], Loss: 0.1200
Epoch [45/20000], Loss: 0.1200
Epoch [45/20000], Loss: 0.1200
Epoch [46/20000], Loss: 0.1202
Epoch [46/20000], Loss: 0.1202
Epoch [46/20000], Loss: 0.1202
Epoch [46/20000], Loss: 0.1202
Epoch [47/20000], Loss: 0.1196
Epoch [47/20000], Loss: 0.1196
Epoch [47/20000], Loss: 0.1196
Epoch [47/20000], Loss: 0.1196
Epoch [48/20000], Loss: 0.1192
Epoch [48/20000], Loss: 0.1192
Epoch [48/20000], Loss: 0.1192
Epoch [48/20000], Loss: 0.1192
Epoch [49/20000], Loss: 0.1183
Epoch [49/20000], Loss: 0.1183
Epoch [49/20000], Loss: 0.1183
Epoch [49/20000], Loss: 0.1183
Epoch [50/20000], Loss: 0.1183
Epoch [50/20000], Loss: 0.1183
Epoch [50/20000], Loss: 0.1183
Epoch [50/20000], Loss: 0.1183
Epoch [51/20000], Loss: 0.1179
Epoch [51/20000], Loss: 0.1179
Epoch [51/20000], Loss: 0.1179
Epoch [51/20000], Loss: 0.1179
Epoch [52/20000], Loss: 0.1180
Epoch [52/20000], Loss: 0.1180
Epoch [52/20000], Loss: 0.1180
Epoch [52/20000], Loss: 0.1180
Epoch [53/20000], Loss: 0.1169
Epoch [53/20000], Loss: 0.1169
Epoch [53/20000], Loss: 0.1169
Epoch [53/20000], Loss: 0.1169
Epoch [54/20000], Loss: 0.1175
Epoch [54/20000], Loss: 0.1175
Epoch [54/20000], Loss: 0.1175
Epoch [54/20000], Loss: 0.1175
Epoch [55/20000], Loss: 0.1164
Epoch [55/20000], Loss: 0.1164
Epoch [55/20000], Loss: 0.1164
Epoch [55/20000], Loss: 0.1164
Epoch [56/20000], Loss: 0.1187
Epoch [56/20000], Loss: 0.1187
Epoch [56/20000], Loss: 0.1187
Epoch [56/20000], Loss: 0.1187
Epoch [57/20000], Loss: 0.1163
Epoch [57/20000], Loss: 0.1163
Epoch [57/20000], Loss: 0.1163
Epoch [57/20000], Loss: 0.1163
Epoch [58/20000], Loss: 0.1191
Epoch [58/20000], Loss: 0.1191
Epoch [58/20000], Loss: 0.1191
Epoch [58/20000], Loss: 0.1191
Epoch [59/20000], Loss: 0.1167
Epoch [59/20000], Loss: 0.1167
Epoch [59/20000], Loss: 0.1167
Epoch [59/20000], Loss: 0.1167
Epoch [60/20000], Loss: 0.1183
Checkpoint saved at /work2/10214/yu_yao/Research_Projects/Microstructure_Enough/deep_faker/src/checkpoints_main/cp_CNN_DF/checkpoint_epoch_60.pth
Epoch [60/20000], Loss: 0.1183
Checkpoint saved at /work2/10214/yu_yao/Research_Projects/Microstructure_Enough/deep_faker/src/checkpoints_main/cp_CNN_DF/checkpoint_epoch_60.pth
Epoch [60/20000], Loss: 0.1183
Checkpoint saved at /work2/10214/yu_yao/Research_Projects/Microstructure_Enough/deep_faker/src/checkpoints_main/cp_CNN_DF/checkpoint_epoch_60.pth
Epoch [60/20000], Loss: 0.1183
Checkpoint saved at /work2/10214/yu_yao/Research_Projects/Microstructure_Enough/deep_faker/src/checkpoints_main/cp_CNN_DF/checkpoint_epoch_60.pth
Epoch [61/20000], Loss: 0.1169
Epoch [61/20000], Loss: 0.1169
Epoch [61/20000], Loss: 0.1169
Epoch [61/20000], Loss: 0.1169
Epoch [62/20000], Loss: 0.1183
Epoch [62/20000], Loss: 0.1183
Epoch [62/20000], Loss: 0.1183
Epoch [62/20000], Loss: 0.1183
Epoch [63/20000], Loss: 0.1183
Epoch [63/20000], Loss: 0.1183
Epoch [63/20000], Loss: 0.1183
Epoch [63/20000], Loss: 0.1183
Epoch [64/20000], Loss: 0.1159
Epoch [64/20000], Loss: 0.1159
Epoch [64/20000], Loss: 0.1159
Epoch [64/20000], Loss: 0.1159
Epoch [65/20000], Loss: 0.1162
Epoch [65/20000], Loss: 0.1162
Epoch [65/20000], Loss: 0.1162
Epoch [65/20000], Loss: 0.1162
Epoch [66/20000], Loss: 0.1164
Epoch [66/20000], Loss: 0.1164
Epoch [66/20000], Loss: 0.1164
Epoch [66/20000], Loss: 0.1164
Epoch [67/20000], Loss: 0.1166
Epoch [67/20000], Loss: 0.1166
Epoch [67/20000], Loss: 0.1166
Epoch [67/20000], Loss: 0.1166
Epoch [68/20000], Loss: 0.1152
Epoch [68/20000], Loss: 0.1152
Epoch [68/20000], Loss: 0.1152
Epoch [68/20000], Loss: 0.1152
Epoch [69/20000], Loss: 0.1151
Epoch [69/20000], Loss: 0.1151
Epoch [69/20000], Loss: 0.1151
Epoch [69/20000], Loss: 0.1151
Epoch [70/20000], Loss: 0.1150
Epoch [70/20000], Loss: 0.1150
Epoch [70/20000], Loss: 0.1150
Epoch [70/20000], Loss: 0.1150
Epoch [71/20000], Loss: 0.1151
Epoch [71/20000], Loss: 0.1151
Epoch [71/20000], Loss: 0.1151
Epoch [71/20000], Loss: 0.1151
Epoch [72/20000], Loss: 0.1150
Epoch [72/20000], Loss: 0.1150
Epoch [72/20000], Loss: 0.1150
Epoch [72/20000], Loss: 0.1150
Epoch [73/20000], Loss: 0.1148
Epoch [73/20000], Loss: 0.1148
Epoch [73/20000], Loss: 0.1148
Epoch [73/20000], Loss: 0.1148
Epoch [74/20000], Loss: 0.1144
Epoch [74/20000], Loss: 0.1144
Epoch [74/20000], Loss: 0.1144
Epoch [74/20000], Loss: 0.1144
Epoch [75/20000], Loss: 0.1144
Epoch [75/20000], Loss: 0.1144
Epoch [75/20000], Loss: 0.1144
Epoch [75/20000], Loss: 0.1144
Epoch [76/20000], Loss: 0.1138
Epoch [76/20000], Loss: 0.1138
Epoch [76/20000], Loss: 0.1138
Epoch [76/20000], Loss: 0.1138
Epoch [77/20000], Loss: 0.1130
Epoch [77/20000], Loss: 0.1130
Epoch [77/20000], Loss: 0.1130
Epoch [77/20000], Loss: 0.1130
Epoch [78/20000], Loss: 0.1130
Epoch [78/20000], Loss: 0.1130
Epoch [78/20000], Loss: 0.1130
Epoch [78/20000], Loss: 0.1130
Epoch [79/20000], Loss: 0.1119
Epoch [79/20000], Loss: 0.1119
Epoch [79/20000], Loss: 0.1119
Epoch [79/20000], Loss: 0.1119
Epoch [80/20000], Loss: 0.1127
Checkpoint saved at /work2/10214/yu_yao/Research_Projects/Microstructure_Enough/deep_faker/src/checkpoints_main/cp_CNN_DF/checkpoint_epoch_80.pth
Epoch [80/20000], Loss: 0.1127
Checkpoint saved at /work2/10214/yu_yao/Research_Projects/Microstructure_Enough/deep_faker/src/checkpoints_main/cp_CNN_DF/checkpoint_epoch_80.pth
Epoch [80/20000], Loss: 0.1127
Checkpoint saved at /work2/10214/yu_yao/Research_Projects/Microstructure_Enough/deep_faker/src/checkpoints_main/cp_CNN_DF/checkpoint_epoch_80.pth
Epoch [80/20000], Loss: 0.1127
Checkpoint saved at /work2/10214/yu_yao/Research_Projects/Microstructure_Enough/deep_faker/src/checkpoints_main/cp_CNN_DF/checkpoint_epoch_80.pth
Epoch [81/20000], Loss: 0.1116
Epoch [81/20000], Loss: 0.1116
Epoch [81/20000], Loss: 0.1116
Epoch [81/20000], Loss: 0.1116
Epoch [82/20000], Loss: 0.1126
Epoch [82/20000], Loss: 0.1126
Epoch [82/20000], Loss: 0.1126
Epoch [82/20000], Loss: 0.1126
Epoch [83/20000], Loss: 0.1112
Epoch [83/20000], Loss: 0.1112
Epoch [83/20000], Loss: 0.1112
Epoch [83/20000], Loss: 0.1112
Epoch [84/20000], Loss: 0.1110
Epoch [84/20000], Loss: 0.1110
Epoch [84/20000], Loss: 0.1110
Epoch [84/20000], Loss: 0.1110
Epoch [85/20000], Loss: 0.1107
Epoch [85/20000], Loss: 0.1107
Epoch [85/20000], Loss: 0.1107
Epoch [85/20000], Loss: 0.1107
Epoch [86/20000], Loss: 0.1112
Epoch [86/20000], Loss: 0.1112
Epoch [86/20000], Loss: 0.1112
Epoch [86/20000], Loss: 0.1112
Epoch [87/20000], Loss: 0.1103
Epoch [87/20000], Loss: 0.1103
Epoch [87/20000], Loss: 0.1103
Epoch [87/20000], Loss: 0.1103
Epoch [88/20000], Loss: 0.1101
Epoch [88/20000], Loss: 0.1101
Epoch [88/20000], Loss: 0.1101
Epoch [88/20000], Loss: 0.1101
Epoch [89/20000], Loss: 0.1096
Epoch [89/20000], Loss: 0.1096
Epoch [89/20000], Loss: 0.1096
Epoch [89/20000], Loss: 0.1096
Epoch [90/20000], Loss: 0.1103
Epoch [90/20000], Loss: 0.1103
Epoch [90/20000], Loss: 0.1103
Epoch [90/20000], Loss: 0.1103
Epoch [91/20000], Loss: 0.1110
Epoch [91/20000], Loss: 0.1110
Epoch [91/20000], Loss: 0.1110
Epoch [91/20000], Loss: 0.1110
Epoch [92/20000], Loss: 0.1108
Epoch [92/20000], Loss: 0.1108
Epoch [92/20000], Loss: 0.1108
Epoch [92/20000], Loss: 0.1108
Epoch [93/20000], Loss: 0.1094
Epoch [93/20000], Loss: 0.1094
Epoch [93/20000], Loss: 0.1094
Epoch [93/20000], Loss: 0.1094
Epoch [94/20000], Loss: 0.1089
Epoch [94/20000], Loss: 0.1089
Epoch [94/20000], Loss: 0.1089
Epoch [94/20000], Loss: 0.1089
Epoch [95/20000], Loss: 0.1092
Epoch [95/20000], Loss: 0.1092
Epoch [95/20000], Loss: 0.1092
Epoch [95/20000], Loss: 0.1092
Epoch [96/20000], Loss: 0.1090
Epoch [96/20000], Loss: 0.1090
Epoch [96/20000], Loss: 0.1090
Epoch [96/20000], Loss: 0.1090
Epoch [97/20000], Loss: 0.1087
Epoch [97/20000], Loss: 0.1087
Epoch [97/20000], Loss: 0.1087
Epoch [97/20000], Loss: 0.1087
Epoch [98/20000], Loss: 0.1084
Epoch [98/20000], Loss: 0.1084
Epoch [98/20000], Loss: 0.1084
Epoch [98/20000], Loss: 0.1084
Epoch [99/20000], Loss: 0.1084
Epoch [99/20000], Loss: 0.1084
Epoch [99/20000], Loss: 0.1084
Epoch [99/20000], Loss: 0.1084
Epoch [100/20000], Loss: 0.1090
Checkpoint saved at /work2/10214/yu_yao/Research_Projects/Microstructure_Enough/deep_faker/src/checkpoints_main/cp_CNN_DF/checkpoint_epoch_100.pth
Epoch [100/20000], Loss: 0.1090
Checkpoint saved at /work2/10214/yu_yao/Research_Projects/Microstructure_Enough/deep_faker/src/checkpoints_main/cp_CNN_DF/checkpoint_epoch_100.pth
Epoch [100/20000], Loss: 0.1090
Checkpoint saved at /work2/10214/yu_yao/Research_Projects/Microstructure_Enough/deep_faker/src/checkpoints_main/cp_CNN_DF/checkpoint_epoch_100.pth
Epoch [100/20000], Loss: 0.1090
Checkpoint saved at /work2/10214/yu_yao/Research_Projects/Microstructure_Enough/deep_faker/src/checkpoints_main/cp_CNN_DF/checkpoint_epoch_100.pth
Epoch [101/20000], Loss: 0.1090
Epoch [101/20000], Loss: 0.1090
Epoch [101/20000], Loss: 0.1090
Epoch [101/20000], Loss: 0.1090
Epoch [102/20000], Loss: 0.1081
Epoch [102/20000], Loss: 0.1081
Epoch [102/20000], Loss: 0.1081
Epoch [102/20000], Loss: 0.1081
Epoch [103/20000], Loss: 0.1080
Epoch [103/20000], Loss: 0.1080
Epoch [103/20000], Loss: 0.1080
Epoch [103/20000], Loss: 0.1080
Epoch [104/20000], Loss: 0.1076
Epoch [104/20000], Loss: 0.1076
Epoch [104/20000], Loss: 0.1076
Epoch [104/20000], Loss: 0.1076
Epoch [105/20000], Loss: 0.1081
Epoch [105/20000], Loss: 0.1081
Epoch [105/20000], Loss: 0.1081
Epoch [105/20000], Loss: 0.1081
Epoch [106/20000], Loss: 0.1069
Epoch [106/20000], Loss: 0.1069
Epoch [106/20000], Loss: 0.1069
Epoch [106/20000], Loss: 0.1069
Epoch [107/20000], Loss: 0.1070
Epoch [107/20000], Loss: 0.1070
Epoch [107/20000], Loss: 0.1070
Epoch [107/20000], Loss: 0.1070
Epoch [108/20000], Loss: 0.1067
Epoch [108/20000], Loss: 0.1067
Epoch [108/20000], Loss: 0.1067
Epoch [108/20000], Loss: 0.1067
Epoch [109/20000], Loss: 0.1069
Epoch [109/20000], Loss: 0.1069
Epoch [109/20000], Loss: 0.1069
Epoch [109/20000], Loss: 0.1069
Epoch [110/20000], Loss: 0.1067
Epoch [110/20000], Loss: 0.1067
Epoch [110/20000], Loss: 0.1067
Epoch [111/20000], Loss: 0.1067
Epoch [110/20000], Loss: 0.1067
Epoch [111/20000], Loss: 0.1067
Epoch [112/20000], Loss: 0.1073
Epoch [111/20000], Loss: 0.1067
Epoch [111/20000], Loss: 0.1067
Epoch [112/20000], Loss: 0.1073
Epoch [113/20000], Loss: 0.1061
Epoch [112/20000], Loss: 0.1073
Epoch [112/20000], Loss: 0.1073
Epoch [114/20000], Loss: 0.1064
Epoch [113/20000], Loss: 0.1061
Epoch [113/20000], Loss: 0.1061
Epoch [113/20000], Loss: 0.1061
Epoch [115/20000], Loss: 0.1071
Epoch [114/20000], Loss: 0.1064
Epoch [114/20000], Loss: 0.1064
Epoch [114/20000], Loss: 0.1064
Epoch [116/20000], Loss: 0.1085
Epoch [115/20000], Loss: 0.1071
Epoch [115/20000], Loss: 0.1071
Epoch [115/20000], Loss: 0.1071
Epoch [117/20000], Loss: 0.1071
Epoch [116/20000], Loss: 0.1085
Epoch [116/20000], Loss: 0.1085
Epoch [116/20000], Loss: 0.1085
Epoch [118/20000], Loss: 0.1070
Epoch [117/20000], Loss: 0.1071
Epoch [117/20000], Loss: 0.1071
Epoch [117/20000], Loss: 0.1071
Epoch [119/20000], Loss: 0.1059
Epoch [118/20000], Loss: 0.1070
Epoch [118/20000], Loss: 0.1070
Epoch [118/20000], Loss: 0.1070
Epoch [120/20000], Loss: 0.1060
Checkpoint saved at /work2/10214/yu_yao/Research_Projects/Microstructure_Enough/deep_faker/src/checkpoints_main/cp_CNN_DF/checkpoint_epoch_120.pth
Epoch [119/20000], Loss: 0.1059
Epoch [119/20000], Loss: 0.1059
Epoch [119/20000], Loss: 0.1059
Epoch [121/20000], Loss: 0.1070
Epoch [120/20000], Loss: 0.1060
Checkpoint saved at /work2/10214/yu_yao/Research_Projects/Microstructure_Enough/deep_faker/src/checkpoints_main/cp_CNN_DF/checkpoint_epoch_120.pth
Epoch [120/20000], Loss: 0.1060
Checkpoint saved at /work2/10214/yu_yao/Research_Projects/Microstructure_Enough/deep_faker/src/checkpoints_main/cp_CNN_DF/checkpoint_epoch_120.pth
Epoch [120/20000], Loss: 0.1060
Checkpoint saved at /work2/10214/yu_yao/Research_Projects/Microstructure_Enough/deep_faker/src/checkpoints_main/cp_CNN_DF/checkpoint_epoch_120.pth
Epoch [122/20000], Loss: 0.1067
Epoch [121/20000], Loss: 0.1070
Epoch [121/20000], Loss: 0.1070
Epoch [121/20000], Loss: 0.1070
Epoch [123/20000], Loss: 0.1068
Epoch [122/20000], Loss: 0.1067
Epoch [122/20000], Loss: 0.1067
Epoch [122/20000], Loss: 0.1067
Epoch [124/20000], Loss: 0.1054
Epoch [123/20000], Loss: 0.1068
Epoch [123/20000], Loss: 0.1068
Epoch [123/20000], Loss: 0.1068
Epoch [125/20000], Loss: 0.1053
Epoch [124/20000], Loss: 0.1054
Epoch [124/20000], Loss: 0.1054
Epoch [124/20000], Loss: 0.1054
Epoch [126/20000], Loss: 0.1068
Epoch [125/20000], Loss: 0.1053
Epoch [125/20000], Loss: 0.1053
Epoch [125/20000], Loss: 0.1053
Epoch [127/20000], Loss: 0.1054
Epoch [126/20000], Loss: 0.1068
Epoch [126/20000], Loss: 0.1068
Epoch [126/20000], Loss: 0.1068
Epoch [128/20000], Loss: 0.1056
Epoch [127/20000], Loss: 0.1054
Epoch [127/20000], Loss: 0.1054
Epoch [127/20000], Loss: 0.1054
Epoch [129/20000], Loss: 0.1047
Epoch [128/20000], Loss: 0.1056
Epoch [128/20000], Loss: 0.1056
Epoch [128/20000], Loss: 0.1056
Epoch [130/20000], Loss: 0.1052
Epoch [129/20000], Loss: 0.1047
Epoch [129/20000], Loss: 0.1047
Epoch [129/20000], Loss: 0.1047
Epoch [131/20000], Loss: 0.1054
Epoch [130/20000], Loss: 0.1052
Epoch [130/20000], Loss: 0.1052
Epoch [132/20000], Loss: 0.1053
Epoch [130/20000], Loss: 0.1052
Epoch [131/20000], Loss: 0.1054
Epoch [131/20000], Loss: 0.1054
Epoch [133/20000], Loss: 0.1053
Epoch [131/20000], Loss: 0.1054
Epoch [132/20000], Loss: 0.1053
Epoch [132/20000], Loss: 0.1053
Epoch [134/20000], Loss: 0.1046
Epoch [132/20000], Loss: 0.1053
Epoch [133/20000], Loss: 0.1053
Epoch [133/20000], Loss: 0.1053
Epoch [133/20000], Loss: 0.1053
Epoch [135/20000], Loss: 0.1042
Epoch [134/20000], Loss: 0.1046
Epoch [134/20000], Loss: 0.1046
Epoch [134/20000], Loss: 0.1046
Epoch [136/20000], Loss: 0.1039
Epoch [135/20000], Loss: 0.1042
Epoch [135/20000], Loss: 0.1042
Epoch [137/20000], Loss: 0.1048
Epoch [135/20000], Loss: 0.1042
Epoch [136/20000], Loss: 0.1039
Epoch [136/20000], Loss: 0.1039
Epoch [138/20000], Loss: 0.1038
Epoch [136/20000], Loss: 0.1039
Epoch [137/20000], Loss: 0.1048
Epoch [137/20000], Loss: 0.1048
Epoch [139/20000], Loss: 0.1044
Epoch [137/20000], Loss: 0.1048
Epoch [138/20000], Loss: 0.1038
Epoch [138/20000], Loss: 0.1038
Epoch [140/20000], Loss: 0.1040
Checkpoint saved at /work2/10214/yu_yao/Research_Projects/Microstructure_Enough/deep_faker/src/checkpoints_main/cp_CNN_DF/checkpoint_epoch_140.pth
Epoch [138/20000], Loss: 0.1038
Epoch [139/20000], Loss: 0.1044
Epoch [139/20000], Loss: 0.1044
Epoch [139/20000], Loss: 0.1044
Epoch [141/20000], Loss: 0.1043
Epoch [140/20000], Loss: 0.1040
Checkpoint saved at /work2/10214/yu_yao/Research_Projects/Microstructure_Enough/deep_faker/src/checkpoints_main/cp_CNN_DF/checkpoint_epoch_140.pth
Epoch [140/20000], Loss: 0.1040
Checkpoint saved at /work2/10214/yu_yao/Research_Projects/Microstructure_Enough/deep_faker/src/checkpoints_main/cp_CNN_DF/checkpoint_epoch_140.pth
Epoch [140/20000], Loss: 0.1040
Checkpoint saved at /work2/10214/yu_yao/Research_Projects/Microstructure_Enough/deep_faker/src/checkpoints_main/cp_CNN_DF/checkpoint_epoch_140.pth
Epoch [142/20000], Loss: 0.1038
Epoch [141/20000], Loss: 0.1043
Epoch [141/20000], Loss: 0.1043
Epoch [141/20000], Loss: 0.1043
Epoch [143/20000], Loss: 0.1041
Epoch [142/20000], Loss: 0.1038
Epoch [142/20000], Loss: 0.1038
Epoch [142/20000], Loss: 0.1038
Epoch [144/20000], Loss: 0.1033
Epoch [143/20000], Loss: 0.1041
Epoch [143/20000], Loss: 0.1041
Epoch [143/20000], Loss: 0.1041
Epoch [145/20000], Loss: 0.1034
Epoch [144/20000], Loss: 0.1033
Epoch [144/20000], Loss: 0.1033
Epoch [144/20000], Loss: 0.1033
Epoch [146/20000], Loss: 0.1032
Epoch [145/20000], Loss: 0.1034
Epoch [145/20000], Loss: 0.1034
Epoch [145/20000], Loss: 0.1034
Epoch [147/20000], Loss: 0.1036
Epoch [146/20000], Loss: 0.1032
Epoch [146/20000], Loss: 0.1032
Epoch [146/20000], Loss: 0.1032
Epoch [148/20000], Loss: 0.1035
Epoch [147/20000], Loss: 0.1036
Epoch [147/20000], Loss: 0.1036
Epoch [147/20000], Loss: 0.1036
Epoch [149/20000], Loss: 0.1039
Epoch [148/20000], Loss: 0.1035
Epoch [148/20000], Loss: 0.1035
Epoch [148/20000], Loss: 0.1035
Epoch [150/20000], Loss: 0.1032
Epoch [149/20000], Loss: 0.1039
Epoch [149/20000], Loss: 0.1039
Epoch [149/20000], Loss: 0.1039
Epoch [151/20000], Loss: 0.1037
Epoch [150/20000], Loss: 0.1032
Epoch [150/20000], Loss: 0.1032
Epoch [150/20000], Loss: 0.1032
Epoch [152/20000], Loss: 0.1039
Epoch [151/20000], Loss: 0.1037
Epoch [151/20000], Loss: 0.1037
Epoch [151/20000], Loss: 0.1037
Epoch [153/20000], Loss: 0.1031
Epoch [152/20000], Loss: 0.1039
Epoch [152/20000], Loss: 0.1039
Epoch [152/20000], Loss: 0.1039
Epoch [154/20000], Loss: 0.1030
Epoch [153/20000], Loss: 0.1031
Epoch [153/20000], Loss: 0.1031
Epoch [153/20000], Loss: 0.1031
Epoch [155/20000], Loss: 0.1022
Epoch [154/20000], Loss: 0.1030
Epoch [154/20000], Loss: 0.1030
Epoch [154/20000], Loss: 0.1030
Epoch [156/20000], Loss: 0.1034
Epoch [155/20000], Loss: 0.1022
Epoch [157/20000], Loss: 0.1032
Epoch [155/20000], Loss: 0.1022
Epoch [155/20000], Loss: 0.1022
Epoch [156/20000], Loss: 0.1034
Epoch [158/20000], Loss: 0.1028
Epoch [156/20000], Loss: 0.1034
Epoch [156/20000], Loss: 0.1034
Epoch [157/20000], Loss: 0.1032
Epoch [159/20000], Loss: 0.1027
Epoch [157/20000], Loss: 0.1032
Epoch [157/20000], Loss: 0.1032
Epoch [158/20000], Loss: 0.1028
Epoch [160/20000], Loss: 0.1025
Checkpoint saved at /work2/10214/yu_yao/Research_Projects/Microstructure_Enough/deep_faker/src/checkpoints_main/cp_CNN_DF/checkpoint_epoch_160.pth
Epoch [158/20000], Loss: 0.1028
Epoch [158/20000], Loss: 0.1028
Epoch [159/20000], Loss: 0.1027
Epoch [161/20000], Loss: 0.1036
Epoch [159/20000], Loss: 0.1027
Epoch [159/20000], Loss: 0.1027
Epoch [160/20000], Loss: 0.1025
Checkpoint saved at /work2/10214/yu_yao/Research_Projects/Microstructure_Enough/deep_faker/src/checkpoints_main/cp_CNN_DF/checkpoint_epoch_160.pth
Epoch [162/20000], Loss: 0.1031
Epoch [160/20000], Loss: 0.1025
Checkpoint saved at /work2/10214/yu_yao/Research_Projects/Microstructure_Enough/deep_faker/src/checkpoints_main/cp_CNN_DF/checkpoint_epoch_160.pth
Epoch [160/20000], Loss: 0.1025
Checkpoint saved at /work2/10214/yu_yao/Research_Projects/Microstructure_Enough/deep_faker/src/checkpoints_main/cp_CNN_DF/checkpoint_epoch_160.pth
Epoch [161/20000], Loss: 0.1036
Epoch [163/20000], Loss: 0.1028
Epoch [161/20000], Loss: 0.1036
Epoch [161/20000], Loss: 0.1036
Epoch [162/20000], Loss: 0.1031
Epoch [164/20000], Loss: 0.1026
Epoch [162/20000], Loss: 0.1031
Epoch [162/20000], Loss: 0.1031
Epoch [163/20000], Loss: 0.1028
Epoch [165/20000], Loss: 0.1023
Epoch [163/20000], Loss: 0.1028
Epoch [163/20000], Loss: 0.1028
Epoch [164/20000], Loss: 0.1026
Epoch [166/20000], Loss: 0.1025
Epoch [164/20000], Loss: 0.1026
Epoch [164/20000], Loss: 0.1026
Epoch [165/20000], Loss: 0.1023
Epoch [167/20000], Loss: 0.1028
Epoch [165/20000], Loss: 0.1023
Epoch [165/20000], Loss: 0.1023
Epoch [166/20000], Loss: 0.1025
Epoch [168/20000], Loss: 0.1020
Epoch [166/20000], Loss: 0.1025
Epoch [166/20000], Loss: 0.1025
Epoch [167/20000], Loss: 0.1028
Epoch [169/20000], Loss: 0.1021
Epoch [167/20000], Loss: 0.1028
Epoch [167/20000], Loss: 0.1028
Epoch [168/20000], Loss: 0.1020
Epoch [170/20000], Loss: 0.1026
Epoch [168/20000], Loss: 0.1020
Epoch [168/20000], Loss: 0.1020
Epoch [169/20000], Loss: 0.1021
Epoch [171/20000], Loss: 0.1010
Epoch [169/20000], Loss: 0.1021
Epoch [169/20000], Loss: 0.1021
Epoch [170/20000], Loss: 0.1026
Epoch [172/20000], Loss: 0.1024
Epoch [170/20000], Loss: 0.1026
Epoch [170/20000], Loss: 0.1026
Epoch [171/20000], Loss: 0.1010
Epoch [173/20000], Loss: 0.1017
Epoch [171/20000], Loss: 0.1010
Epoch [171/20000], Loss: 0.1010
Epoch [172/20000], Loss: 0.1024
Epoch [174/20000], Loss: 0.1013
Epoch [172/20000], Loss: 0.1024
Epoch [172/20000], Loss: 0.1024
Epoch [173/20000], Loss: 0.1017
Epoch [175/20000], Loss: 0.1015
Epoch [173/20000], Loss: 0.1017
Epoch [173/20000], Loss: 0.1017
Epoch [174/20000], Loss: 0.1013
Epoch [176/20000], Loss: 0.1017
Epoch [174/20000], Loss: 0.1013
Epoch [174/20000], Loss: 0.1013
Epoch [175/20000], Loss: 0.1015
Epoch [177/20000], Loss: 0.1009
Epoch [175/20000], Loss: 0.1015
Epoch [175/20000], Loss: 0.1015
Epoch [176/20000], Loss: 0.1017
Epoch [178/20000], Loss: 0.1014
Epoch [176/20000], Loss: 0.1017
Epoch [176/20000], Loss: 0.1017
Epoch [177/20000], Loss: 0.1009
Epoch [179/20000], Loss: 0.1013
Epoch [177/20000], Loss: 0.1009
Epoch [177/20000], Loss: 0.1009
Epoch [180/20000], Loss: 0.1013
Checkpoint saved at /work2/10214/yu_yao/Research_Projects/Microstructure_Enough/deep_faker/src/checkpoints_main/cp_CNN_DF/checkpoint_epoch_180.pth
Epoch [178/20000], Loss: 0.1014
Epoch [178/20000], Loss: 0.1014
Epoch [178/20000], Loss: 0.1014
Epoch [179/20000], Loss: 0.1013
Epoch [181/20000], Loss: 0.1011
Epoch [179/20000], Loss: 0.1013
Epoch [179/20000], Loss: 0.1013
Epoch [182/20000], Loss: 0.1007
Epoch [180/20000], Loss: 0.1013
Checkpoint saved at /work2/10214/yu_yao/Research_Projects/Microstructure_Enough/deep_faker/src/checkpoints_main/cp_CNN_DF/checkpoint_epoch_180.pth
Epoch [180/20000], Loss: 0.1013
Checkpoint saved at /work2/10214/yu_yao/Research_Projects/Microstructure_Enough/deep_faker/src/checkpoints_main/cp_CNN_DF/checkpoint_epoch_180.pth
Epoch [180/20000], Loss: 0.1013
Checkpoint saved at /work2/10214/yu_yao/Research_Projects/Microstructure_Enough/deep_faker/src/checkpoints_main/cp_CNN_DF/checkpoint_epoch_180.pth
Epoch [183/20000], Loss: 0.1007
Epoch [181/20000], Loss: 0.1011
Epoch [181/20000], Loss: 0.1011
Epoch [181/20000], Loss: 0.1011
Epoch [184/20000], Loss: 0.1010
Epoch [182/20000], Loss: 0.1007
Epoch [182/20000], Loss: 0.1007
Epoch [182/20000], Loss: 0.1007
Epoch [183/20000], Loss: 0.1007
Epoch [185/20000], Loss: 0.1019
Epoch [183/20000], Loss: 0.1007
Epoch [183/20000], Loss: 0.1007
Epoch [184/20000], Loss: 0.1010
Epoch [186/20000], Loss: 0.1029
Epoch [184/20000], Loss: 0.1010
Epoch [184/20000], Loss: 0.1010
Epoch [185/20000], Loss: 0.1019
Epoch [187/20000], Loss: 0.1012
Epoch [185/20000], Loss: 0.1019
Epoch [185/20000], Loss: 0.1019
Epoch [186/20000], Loss: 0.1029
Epoch [188/20000], Loss: 0.1019
Epoch [186/20000], Loss: 0.1029
Epoch [186/20000], Loss: 0.1029
Epoch [187/20000], Loss: 0.1012
Epoch [189/20000], Loss: 0.1007
Epoch [187/20000], Loss: 0.1012
Epoch [187/20000], Loss: 0.1012
Epoch [188/20000], Loss: 0.1019
Epoch [190/20000], Loss: 0.1008
Epoch [188/20000], Loss: 0.1019
Epoch [188/20000], Loss: 0.1019
Epoch [189/20000], Loss: 0.1007
Epoch [191/20000], Loss: 0.1030
Epoch [189/20000], Loss: 0.1007
Epoch [189/20000], Loss: 0.1007
Epoch [190/20000], Loss: 0.1008
Epoch [192/20000], Loss: 0.1018
Epoch [190/20000], Loss: 0.1008
Epoch [190/20000], Loss: 0.1008
Epoch [191/20000], Loss: 0.1030
Epoch [193/20000], Loss: 0.1009
Epoch [191/20000], Loss: 0.1030
Epoch [191/20000], Loss: 0.1030
Epoch [192/20000], Loss: 0.1018
Epoch [194/20000], Loss: 0.1005
Epoch [192/20000], Loss: 0.1018
Epoch [192/20000], Loss: 0.1018
Epoch [193/20000], Loss: 0.1009
Epoch [195/20000], Loss: 0.1008
Epoch [193/20000], Loss: 0.1009
Epoch [193/20000], Loss: 0.1009
Epoch [194/20000], Loss: 0.1005
Epoch [196/20000], Loss: 0.1001
Epoch [194/20000], Loss: 0.1005
Epoch [194/20000], Loss: 0.1005
Epoch [195/20000], Loss: 0.1008
Epoch [197/20000], Loss: 0.1008
Epoch [195/20000], Loss: 0.1008
Epoch [195/20000], Loss: 0.1008
Epoch [196/20000], Loss: 0.1001
Epoch [198/20000], Loss: 0.1006
Epoch [196/20000], Loss: 0.1001
Epoch [196/20000], Loss: 0.1001
Epoch [197/20000], Loss: 0.1008
Epoch [199/20000], Loss: 0.1010
Epoch [197/20000], Loss: 0.1008
Epoch [197/20000], Loss: 0.1008
Epoch [198/20000], Loss: 0.1006
Epoch [200/20000], Loss: 0.1001
Checkpoint saved at /work2/10214/yu_yao/Research_Projects/Microstructure_Enough/deep_faker/src/checkpoints_main/cp_CNN_DF/checkpoint_epoch_200.pth
Epoch [198/20000], Loss: 0.1006
Epoch [198/20000], Loss: 0.1006
Epoch [199/20000], Loss: 0.1010
Epoch [201/20000], Loss: 0.0997
Epoch [199/20000], Loss: 0.1010
Epoch [199/20000], Loss: 0.1010
Epoch [200/20000], Loss: 0.1001
Checkpoint saved at /work2/10214/yu_yao/Research_Projects/Microstructure_Enough/deep_faker/src/checkpoints_main/cp_CNN_DF/checkpoint_epoch_200.pth
Epoch [202/20000], Loss: 0.0992
Epoch [200/20000], Loss: 0.1001
Checkpoint saved at /work2/10214/yu_yao/Research_Projects/Microstructure_Enough/deep_faker/src/checkpoints_main/cp_CNN_DF/checkpoint_epoch_200.pth
Epoch [200/20000], Loss: 0.1001
Checkpoint saved at /work2/10214/yu_yao/Research_Projects/Microstructure_Enough/deep_faker/src/checkpoints_main/cp_CNN_DF/checkpoint_epoch_200.pth
Epoch [201/20000], Loss: 0.0997
Epoch [203/20000], Loss: 0.0997
Epoch [201/20000], Loss: 0.0997
Epoch [201/20000], Loss: 0.0997
Epoch [202/20000], Loss: 0.0992
Epoch [204/20000], Loss: 0.0995
Epoch [202/20000], Loss: 0.0992
Epoch [202/20000], Loss: 0.0992
Epoch [203/20000], Loss: 0.0997
Epoch [205/20000], Loss: 0.0995
Epoch [203/20000], Loss: 0.0997
Epoch [203/20000], Loss: 0.0997
Epoch [204/20000], Loss: 0.0995
Epoch [206/20000], Loss: 0.1007
Epoch [204/20000], Loss: 0.0995
Epoch [204/20000], Loss: 0.0995
Epoch [205/20000], Loss: 0.0995
Epoch [207/20000], Loss: 0.1003
Epoch [205/20000], Loss: 0.0995
Epoch [205/20000], Loss: 0.0995
Epoch [206/20000], Loss: 0.1007
Epoch [208/20000], Loss: 0.0995
Epoch [206/20000], Loss: 0.1007
Epoch [206/20000], Loss: 0.1007
Epoch [207/20000], Loss: 0.1003
Epoch [209/20000], Loss: 0.1000
Epoch [207/20000], Loss: 0.1003
Epoch [207/20000], Loss: 0.1003
Epoch [208/20000], Loss: 0.0995
Epoch [210/20000], Loss: 0.0992
Epoch [208/20000], Loss: 0.0995
Epoch [208/20000], Loss: 0.0995
Epoch [209/20000], Loss: 0.1000
Epoch [211/20000], Loss: 0.0994
Epoch [209/20000], Loss: 0.1000
Epoch [209/20000], Loss: 0.1000
Epoch [210/20000], Loss: 0.0992
Epoch [212/20000], Loss: 0.1000
Epoch [210/20000], Loss: 0.0992
Epoch [210/20000], Loss: 0.0992
Epoch [211/20000], Loss: 0.0994
Epoch [213/20000], Loss: 0.1001
Epoch [211/20000], Loss: 0.0994
Epoch [211/20000], Loss: 0.0994
Epoch [212/20000], Loss: 0.1000
Epoch [214/20000], Loss: 0.0988
Epoch [212/20000], Loss: 0.1000
Epoch [212/20000], Loss: 0.1000
Epoch [213/20000], Loss: 0.1001
Epoch [215/20000], Loss: 0.0998
Epoch [213/20000], Loss: 0.1001
Epoch [213/20000], Loss: 0.1001
Epoch [214/20000], Loss: 0.0988
Epoch [214/20000], Loss: 0.0988
Epoch [216/20000], Loss: 0.0997
Epoch [214/20000], Loss: 0.0988
Epoch [215/20000], Loss: 0.0998
Epoch [215/20000], Loss: 0.0998
Epoch [217/20000], Loss: 0.1000
Epoch [215/20000], Loss: 0.0998
Epoch [216/20000], Loss: 0.0997
Epoch [216/20000], Loss: 0.0997
Epoch [218/20000], Loss: 0.0996
Epoch [216/20000], Loss: 0.0997
Epoch [217/20000], Loss: 0.1000
Epoch [217/20000], Loss: 0.1000
Epoch [219/20000], Loss: 0.0990
Epoch [217/20000], Loss: 0.1000
Epoch [218/20000], Loss: 0.0996
Epoch [218/20000], Loss: 0.0996
Epoch [220/20000], Loss: 0.0991
Checkpoint saved at /work2/10214/yu_yao/Research_Projects/Microstructure_Enough/deep_faker/src/checkpoints_main/cp_CNN_DF/checkpoint_epoch_220.pth
Epoch [218/20000], Loss: 0.0996
Epoch [219/20000], Loss: 0.0990
Epoch [219/20000], Loss: 0.0990
Epoch [221/20000], Loss: 0.0993
Epoch [219/20000], Loss: 0.0990
Epoch [220/20000], Loss: 0.0991
Checkpoint saved at /work2/10214/yu_yao/Research_Projects/Microstructure_Enough/deep_faker/src/checkpoints_main/cp_CNN_DF/checkpoint_epoch_220.pth
Epoch [220/20000], Loss: 0.0991
Checkpoint saved at /work2/10214/yu_yao/Research_Projects/Microstructure_Enough/deep_faker/src/checkpoints_main/cp_CNN_DF/checkpoint_epoch_220.pth
Epoch [222/20000], Loss: 0.0997
Epoch [220/20000], Loss: 0.0991
Checkpoint saved at /work2/10214/yu_yao/Research_Projects/Microstructure_Enough/deep_faker/src/checkpoints_main/cp_CNN_DF/checkpoint_epoch_220.pth
Epoch [221/20000], Loss: 0.0993
Epoch [221/20000], Loss: 0.0993
Epoch [223/20000], Loss: 0.0998
Epoch [221/20000], Loss: 0.0993
Epoch [222/20000], Loss: 0.0997
Epoch [222/20000], Loss: 0.0997
Epoch [224/20000], Loss: 0.0988
Epoch [222/20000], Loss: 0.0997
Epoch [223/20000], Loss: 0.0998
Epoch [223/20000], Loss: 0.0998
Epoch [225/20000], Loss: 0.0992
Epoch [223/20000], Loss: 0.0998
Epoch [224/20000], Loss: 0.0988
Epoch [224/20000], Loss: 0.0988
Epoch [226/20000], Loss: 0.0996
Epoch [224/20000], Loss: 0.0988
Epoch [225/20000], Loss: 0.0992
Epoch [225/20000], Loss: 0.0992
Epoch [227/20000], Loss: 0.0988
Epoch [225/20000], Loss: 0.0992
Epoch [226/20000], Loss: 0.0996
Epoch [226/20000], Loss: 0.0996
Epoch [228/20000], Loss: 0.0990
Epoch [226/20000], Loss: 0.0996
Epoch [227/20000], Loss: 0.0988
Epoch [227/20000], Loss: 0.0988
Epoch [229/20000], Loss: 0.0984
Epoch [227/20000], Loss: 0.0988
Epoch [228/20000], Loss: 0.0990
Epoch [228/20000], Loss: 0.0990
Epoch [230/20000], Loss: 0.0991
Epoch [228/20000], Loss: 0.0990
Epoch [229/20000], Loss: 0.0984
Epoch [229/20000], Loss: 0.0984
Epoch [231/20000], Loss: 0.0997
Epoch [229/20000], Loss: 0.0984
Epoch [230/20000], Loss: 0.0991
Epoch [230/20000], Loss: 0.0991
Epoch [232/20000], Loss: 0.0993
Epoch [230/20000], Loss: 0.0991
Epoch [231/20000], Loss: 0.0997
Epoch [231/20000], Loss: 0.0997
Epoch [233/20000], Loss: 0.1001
Epoch [231/20000], Loss: 0.0997
Epoch [232/20000], Loss: 0.0993
Epoch [232/20000], Loss: 0.0993
Epoch [234/20000], Loss: 0.0990
Epoch [232/20000], Loss: 0.0993
Epoch [233/20000], Loss: 0.1001
Epoch [233/20000], Loss: 0.1001
Epoch [235/20000], Loss: 0.0990
Epoch [233/20000], Loss: 0.1001
Epoch [234/20000], Loss: 0.0990
Epoch [234/20000], Loss: 0.0990
Epoch [236/20000], Loss: 0.0997
Epoch [234/20000], Loss: 0.0990
Epoch [235/20000], Loss: 0.0990
Epoch [235/20000], Loss: 0.0990
Epoch [237/20000], Loss: 0.0981
Epoch [235/20000], Loss: 0.0990
Epoch [236/20000], Loss: 0.0997
Epoch [236/20000], Loss: 0.0997
Epoch [236/20000], Loss: 0.0997
Epoch [238/20000], Loss: 0.0986
Epoch [237/20000], Loss: 0.0981
Epoch [237/20000], Loss: 0.0981
Epoch [237/20000], Loss: 0.0981
Epoch [239/20000], Loss: 0.0987
Epoch [238/20000], Loss: 0.0986
Epoch [238/20000], Loss: 0.0986
Epoch [238/20000], Loss: 0.0986
Epoch [240/20000], Loss: 0.0993
Checkpoint saved at /work2/10214/yu_yao/Research_Projects/Microstructure_Enough/deep_faker/src/checkpoints_main/cp_CNN_DF/checkpoint_epoch_240.pth
Epoch [239/20000], Loss: 0.0987
Epoch [239/20000], Loss: 0.0987
Epoch [239/20000], Loss: 0.0987
Epoch [241/20000], Loss: 0.0985
Epoch [240/20000], Loss: 0.0993
Checkpoint saved at /work2/10214/yu_yao/Research_Projects/Microstructure_Enough/deep_faker/src/checkpoints_main/cp_CNN_DF/checkpoint_epoch_240.pth
Epoch [240/20000], Loss: 0.0993
Checkpoint saved at /work2/10214/yu_yao/Research_Projects/Microstructure_Enough/deep_faker/src/checkpoints_main/cp_CNN_DF/checkpoint_epoch_240.pth
Epoch [240/20000], Loss: 0.0993
Checkpoint saved at /work2/10214/yu_yao/Research_Projects/Microstructure_Enough/deep_faker/src/checkpoints_main/cp_CNN_DF/checkpoint_epoch_240.pth
Epoch [242/20000], Loss: 0.0982
Epoch [241/20000], Loss: 0.0985
Epoch [241/20000], Loss: 0.0985
Epoch [241/20000], Loss: 0.0985
Epoch [243/20000], Loss: 0.0994
Epoch [242/20000], Loss: 0.0982
Epoch [242/20000], Loss: 0.0982
Epoch [242/20000], Loss: 0.0982
Epoch [244/20000], Loss: 0.0982
Epoch [243/20000], Loss: 0.0994
Epoch [243/20000], Loss: 0.0994
Epoch [243/20000], Loss: 0.0994
Epoch [245/20000], Loss: 0.0987
Epoch [244/20000], Loss: 0.0982
Epoch [244/20000], Loss: 0.0982
Epoch [244/20000], Loss: 0.0982
Epoch [246/20000], Loss: 0.0979
Epoch [245/20000], Loss: 0.0987
Epoch [245/20000], Loss: 0.0987
Epoch [245/20000], Loss: 0.0987
Epoch [247/20000], Loss: 0.0985
Epoch [246/20000], Loss: 0.0979
Epoch [246/20000], Loss: 0.0979
Epoch [246/20000], Loss: 0.0979
Epoch [248/20000], Loss: 0.0981
Epoch [247/20000], Loss: 0.0985
Epoch [247/20000], Loss: 0.0985
Epoch [247/20000], Loss: 0.0985
Epoch [249/20000], Loss: 0.0978
Epoch [248/20000], Loss: 0.0981
Epoch [248/20000], Loss: 0.0981
Epoch [248/20000], Loss: 0.0981
Epoch [250/20000], Loss: 0.0995
Epoch [249/20000], Loss: 0.0978
Epoch [249/20000], Loss: 0.0978
Epoch [249/20000], Loss: 0.0978
Epoch [251/20000], Loss: 0.0985
Epoch [250/20000], Loss: 0.0995
Epoch [250/20000], Loss: 0.0995
Epoch [250/20000], Loss: 0.0995
Epoch [252/20000], Loss: 0.0980
Epoch [251/20000], Loss: 0.0985
Epoch [251/20000], Loss: 0.0985
Epoch [251/20000], Loss: 0.0985
Epoch [253/20000], Loss: 0.0980
Epoch [252/20000], Loss: 0.0980
Epoch [252/20000], Loss: 0.0980
Epoch [252/20000], Loss: 0.0980
Epoch [254/20000], Loss: 0.0972
Epoch [253/20000], Loss: 0.0980
Epoch [253/20000], Loss: 0.0980
Epoch [253/20000], Loss: 0.0980
Epoch [255/20000], Loss: 0.0988
Epoch [254/20000], Loss: 0.0972
Epoch [254/20000], Loss: 0.0972
Epoch [254/20000], Loss: 0.0972
Epoch [256/20000], Loss: 0.0982
Epoch [255/20000], Loss: 0.0988
Epoch [255/20000], Loss: 0.0988
Epoch [255/20000], Loss: 0.0988
Epoch [257/20000], Loss: 0.0983
Epoch [256/20000], Loss: 0.0982
Epoch [256/20000], Loss: 0.0982
Epoch [256/20000], Loss: 0.0982
Epoch [258/20000], Loss: 0.0979
Epoch [257/20000], Loss: 0.0983
Epoch [257/20000], Loss: 0.0983
Epoch [257/20000], Loss: 0.0983
Epoch [259/20000], Loss: 0.0980
Epoch [258/20000], Loss: 0.0979
Epoch [258/20000], Loss: 0.0979
Epoch [258/20000], Loss: 0.0979
Epoch [260/20000], Loss: 0.0981
Checkpoint saved at /work2/10214/yu_yao/Research_Projects/Microstructure_Enough/deep_faker/src/checkpoints_main/cp_CNN_DF/checkpoint_epoch_260.pth
Epoch [259/20000], Loss: 0.0980
Epoch [259/20000], Loss: 0.0980
Epoch [259/20000], Loss: 0.0980
Epoch [261/20000], Loss: 0.0976
Epoch [260/20000], Loss: 0.0981
Checkpoint saved at /work2/10214/yu_yao/Research_Projects/Microstructure_Enough/deep_faker/src/checkpoints_main/cp_CNN_DF/checkpoint_epoch_260.pth
Epoch [260/20000], Loss: 0.0981
Checkpoint saved at /work2/10214/yu_yao/Research_Projects/Microstructure_Enough/deep_faker/src/checkpoints_main/cp_CNN_DF/checkpoint_epoch_260.pth
Epoch [260/20000], Loss: 0.0981
Checkpoint saved at /work2/10214/yu_yao/Research_Projects/Microstructure_Enough/deep_faker/src/checkpoints_main/cp_CNN_DF/checkpoint_epoch_260.pth
Epoch [262/20000], Loss: 0.0979
Epoch [261/20000], Loss: 0.0976
Epoch [261/20000], Loss: 0.0976
Epoch [261/20000], Loss: 0.0976
Epoch [263/20000], Loss: 0.0974
Epoch [262/20000], Loss: 0.0979
Epoch [262/20000], Loss: 0.0979
Epoch [262/20000], Loss: 0.0979
Epoch [264/20000], Loss: 0.0974
Epoch [263/20000], Loss: 0.0974
Epoch [263/20000], Loss: 0.0974
Epoch [263/20000], Loss: 0.0974
Epoch [265/20000], Loss: 0.0973
Epoch [264/20000], Loss: 0.0974
Epoch [264/20000], Loss: 0.0974
Epoch [266/20000], Loss: 0.0975
Epoch [264/20000], Loss: 0.0974
Epoch [265/20000], Loss: 0.0973
Epoch [265/20000], Loss: 0.0973
Epoch [267/20000], Loss: 0.0981
Epoch [265/20000], Loss: 0.0973
Epoch [266/20000], Loss: 0.0975
Epoch [266/20000], Loss: 0.0975
Epoch [268/20000], Loss: 0.0970
Epoch [266/20000], Loss: 0.0975
Epoch [267/20000], Loss: 0.0981
Epoch [267/20000], Loss: 0.0981
Epoch [269/20000], Loss: 0.0976
Epoch [267/20000], Loss: 0.0981
Epoch [268/20000], Loss: 0.0970
Epoch [268/20000], Loss: 0.0970
Epoch [270/20000], Loss: 0.0974
Epoch [268/20000], Loss: 0.0970
Epoch [269/20000], Loss: 0.0976
Epoch [269/20000], Loss: 0.0976
Epoch [269/20000], Loss: 0.0976
Epoch [271/20000], Loss: 0.0982
Epoch [270/20000], Loss: 0.0974
Epoch [270/20000], Loss: 0.0974
Epoch [270/20000], Loss: 0.0974
Epoch [272/20000], Loss: 0.0973
Epoch [271/20000], Loss: 0.0982
Epoch [271/20000], Loss: 0.0982
Epoch [271/20000], Loss: 0.0982
Epoch [273/20000], Loss: 0.0980
Epoch [272/20000], Loss: 0.0973
Epoch [272/20000], Loss: 0.0973
Epoch [272/20000], Loss: 0.0973
Epoch [274/20000], Loss: 0.0966
Epoch [273/20000], Loss: 0.0980
Epoch [273/20000], Loss: 0.0980
Epoch [273/20000], Loss: 0.0980
Epoch [275/20000], Loss: 0.0975
Epoch [274/20000], Loss: 0.0966
Epoch [274/20000], Loss: 0.0966
Epoch [274/20000], Loss: 0.0966
Epoch [276/20000], Loss: 0.0981
Epoch [275/20000], Loss: 0.0975
Epoch [275/20000], Loss: 0.0975
Epoch [275/20000], Loss: 0.0975
Epoch [277/20000], Loss: 0.0972
Epoch [276/20000], Loss: 0.0981
Epoch [276/20000], Loss: 0.0981
Epoch [276/20000], Loss: 0.0981
Epoch [278/20000], Loss: 0.0974
Epoch [277/20000], Loss: 0.0972
Epoch [277/20000], Loss: 0.0972
Epoch [277/20000], Loss: 0.0972
Epoch [279/20000], Loss: 0.0968
Epoch [278/20000], Loss: 0.0974
Epoch [278/20000], Loss: 0.0974
Epoch [278/20000], Loss: 0.0974
Epoch [280/20000], Loss: 0.0976
Checkpoint saved at /work2/10214/yu_yao/Research_Projects/Microstructure_Enough/deep_faker/src/checkpoints_main/cp_CNN_DF/checkpoint_epoch_280.pth
Epoch [279/20000], Loss: 0.0968
Epoch [279/20000], Loss: 0.0968
Epoch [279/20000], Loss: 0.0968
Epoch [281/20000], Loss: 0.0977
Epoch [280/20000], Loss: 0.0976
Checkpoint saved at /work2/10214/yu_yao/Research_Projects/Microstructure_Enough/deep_faker/src/checkpoints_main/cp_CNN_DF/checkpoint_epoch_280.pth
Epoch [280/20000], Loss: 0.0976
Checkpoint saved at /work2/10214/yu_yao/Research_Projects/Microstructure_Enough/deep_faker/src/checkpoints_main/cp_CNN_DF/checkpoint_epoch_280.pth
Epoch [280/20000], Loss: 0.0976
Checkpoint saved at /work2/10214/yu_yao/Research_Projects/Microstructure_Enough/deep_faker/src/checkpoints_main/cp_CNN_DF/checkpoint_epoch_280.pth
Epoch [282/20000], Loss: 0.0968
Epoch [281/20000], Loss: 0.0977
Epoch [281/20000], Loss: 0.0977
Epoch [281/20000], Loss: 0.0977
Epoch [283/20000], Loss: 0.0970
Epoch [282/20000], Loss: 0.0968
Epoch [282/20000], Loss: 0.0968
Epoch [282/20000], Loss: 0.0968
Epoch [284/20000], Loss: 0.0982
Epoch [283/20000], Loss: 0.0970
Epoch [283/20000], Loss: 0.0970
Epoch [283/20000], Loss: 0.0970
Epoch [285/20000], Loss: 0.0972
Epoch [284/20000], Loss: 0.0982
Epoch [284/20000], Loss: 0.0982
Epoch [284/20000], Loss: 0.0982
Epoch [286/20000], Loss: 0.0972
Epoch [285/20000], Loss: 0.0972
Epoch [285/20000], Loss: 0.0972
Epoch [285/20000], Loss: 0.0972
Epoch [287/20000], Loss: 0.0969
Epoch [286/20000], Loss: 0.0972
Epoch [286/20000], Loss: 0.0972
Epoch [286/20000], Loss: 0.0972
Epoch [288/20000], Loss: 0.0970
Epoch [287/20000], Loss: 0.0969
Epoch [287/20000], Loss: 0.0969
Epoch [289/20000], Loss: 0.0976
Epoch [287/20000], Loss: 0.0969
Epoch [288/20000], Loss: 0.0970
Epoch [288/20000], Loss: 0.0970
Epoch [290/20000], Loss: 0.0972
Epoch [288/20000], Loss: 0.0970
Epoch [289/20000], Loss: 0.0976
Epoch [289/20000], Loss: 0.0976
Epoch [291/20000], Loss: 0.0970
Epoch [289/20000], Loss: 0.0976
Epoch [290/20000], Loss: 0.0972
Epoch [290/20000], Loss: 0.0972
Epoch [292/20000], Loss: 0.0977
Epoch [290/20000], Loss: 0.0972
Epoch [291/20000], Loss: 0.0970
Epoch [291/20000], Loss: 0.0970
Epoch [293/20000], Loss: 0.0967
Epoch [291/20000], Loss: 0.0970
Epoch [292/20000], Loss: 0.0977
Epoch [292/20000], Loss: 0.0977
Epoch [294/20000], Loss: 0.0965
Epoch [292/20000], Loss: 0.0977
Epoch [293/20000], Loss: 0.0967
Epoch [293/20000], Loss: 0.0967
Epoch [295/20000], Loss: 0.0973
Epoch [293/20000], Loss: 0.0967
Epoch [294/20000], Loss: 0.0965
Epoch [294/20000], Loss: 0.0965
Epoch [296/20000], Loss: 0.0973
Epoch [294/20000], Loss: 0.0965
Epoch [295/20000], Loss: 0.0973
Epoch [295/20000], Loss: 0.0973
Epoch [297/20000], Loss: 0.0964
Epoch [295/20000], Loss: 0.0973
Epoch [296/20000], Loss: 0.0973
Epoch [296/20000], Loss: 0.0973
Epoch [298/20000], Loss: 0.0964
Epoch [296/20000], Loss: 0.0973
Epoch [297/20000], Loss: 0.0964
Epoch [297/20000], Loss: 0.0964
Epoch [299/20000], Loss: 0.0973
Epoch [297/20000], Loss: 0.0964
Epoch [298/20000], Loss: 0.0964
Epoch [298/20000], Loss: 0.0964
Epoch [300/20000], Loss: 0.0970
Checkpoint saved at /work2/10214/yu_yao/Research_Projects/Microstructure_Enough/deep_faker/src/checkpoints_main/cp_CNN_DF/checkpoint_epoch_300.pth
Epoch [298/20000], Loss: 0.0964
Epoch [299/20000], Loss: 0.0973
Epoch [299/20000], Loss: 0.0973
Epoch [301/20000], Loss: 0.0962
Epoch [299/20000], Loss: 0.0973
Epoch [300/20000], Loss: 0.0970
Checkpoint saved at /work2/10214/yu_yao/Research_Projects/Microstructure_Enough/deep_faker/src/checkpoints_main/cp_CNN_DF/checkpoint_epoch_300.pth
Epoch [300/20000], Loss: 0.0970
Checkpoint saved at /work2/10214/yu_yao/Research_Projects/Microstructure_Enough/deep_faker/src/checkpoints_main/cp_CNN_DF/checkpoint_epoch_300.pth
Epoch [302/20000], Loss: 0.0962
Epoch [300/20000], Loss: 0.0970
Checkpoint saved at /work2/10214/yu_yao/Research_Projects/Microstructure_Enough/deep_faker/src/checkpoints_main/cp_CNN_DF/checkpoint_epoch_300.pth
Epoch [301/20000], Loss: 0.0962
Epoch [301/20000], Loss: 0.0962
Epoch [303/20000], Loss: 0.0974
Epoch [301/20000], Loss: 0.0962
Epoch [302/20000], Loss: 0.0962
Epoch [302/20000], Loss: 0.0962
Epoch [304/20000], Loss: 0.0960
Epoch [302/20000], Loss: 0.0962
Epoch [303/20000], Loss: 0.0974
Epoch [303/20000], Loss: 0.0974
Epoch [305/20000], Loss: 0.0963
Epoch [303/20000], Loss: 0.0974
Epoch [304/20000], Loss: 0.0960
Epoch [304/20000], Loss: 0.0960
Epoch [306/20000], Loss: 0.0961
Epoch [304/20000], Loss: 0.0960
Epoch [305/20000], Loss: 0.0963
Epoch [305/20000], Loss: 0.0963
Epoch [307/20000], Loss: 0.0959
Epoch [305/20000], Loss: 0.0963
Epoch [306/20000], Loss: 0.0961
Epoch [306/20000], Loss: 0.0961
Epoch [308/20000], Loss: 0.0957
Epoch [306/20000], Loss: 0.0961
Epoch [307/20000], Loss: 0.0959
Epoch [307/20000], Loss: 0.0959
Epoch [309/20000], Loss: 0.0963
Epoch [307/20000], Loss: 0.0959
Epoch [308/20000], Loss: 0.0957
Epoch [308/20000], Loss: 0.0957
Epoch [310/20000], Loss: 0.0964
Epoch [308/20000], Loss: 0.0957
Epoch [309/20000], Loss: 0.0963
Epoch [309/20000], Loss: 0.0963
Epoch [311/20000], Loss: 0.0964
Epoch [309/20000], Loss: 0.0963
Epoch [310/20000], Loss: 0.0964
Epoch [310/20000], Loss: 0.0964
Epoch [312/20000], Loss: 0.0964
Epoch [310/20000], Loss: 0.0964
Epoch [311/20000], Loss: 0.0964
Epoch [311/20000], Loss: 0.0964
Epoch [313/20000], Loss: 0.0952
Epoch [311/20000], Loss: 0.0964
Epoch [312/20000], Loss: 0.0964
Epoch [312/20000], Loss: 0.0964
Epoch [314/20000], Loss: 0.0977
Epoch [312/20000], Loss: 0.0964
Epoch [313/20000], Loss: 0.0952
Epoch [313/20000], Loss: 0.0952
Epoch [315/20000], Loss: 0.0963
Epoch [313/20000], Loss: 0.0952
Epoch [314/20000], Loss: 0.0977
Epoch [314/20000], Loss: 0.0977
Epoch [316/20000], Loss: 0.0961
Epoch [314/20000], Loss: 0.0977
Epoch [315/20000], Loss: 0.0963
Epoch [315/20000], Loss: 0.0963
Epoch [317/20000], Loss: 0.0967
Epoch [315/20000], Loss: 0.0963
Epoch [316/20000], Loss: 0.0961
Epoch [316/20000], Loss: 0.0961
Epoch [318/20000], Loss: 0.0961
Epoch [316/20000], Loss: 0.0961
Epoch [317/20000], Loss: 0.0967
Epoch [317/20000], Loss: 0.0967
Epoch [317/20000], Loss: 0.0967
Epoch [319/20000], Loss: 0.0955
Epoch [318/20000], Loss: 0.0961
Epoch [318/20000], Loss: 0.0961
Epoch [318/20000], Loss: 0.0961
Epoch [320/20000], Loss: 0.0959
Checkpoint saved at /work2/10214/yu_yao/Research_Projects/Microstructure_Enough/deep_faker/src/checkpoints_main/cp_CNN_DF/checkpoint_epoch_320.pth
Epoch [319/20000], Loss: 0.0955
Epoch [319/20000], Loss: 0.0955
Epoch [321/20000], Loss: 0.0960
Epoch [319/20000], Loss: 0.0955
Epoch [320/20000], Loss: 0.0959
Checkpoint saved at /work2/10214/yu_yao/Research_Projects/Microstructure_Enough/deep_faker/src/checkpoints_main/cp_CNN_DF/checkpoint_epoch_320.pth
Epoch [320/20000], Loss: 0.0959
Checkpoint saved at /work2/10214/yu_yao/Research_Projects/Microstructure_Enough/deep_faker/src/checkpoints_main/cp_CNN_DF/checkpoint_epoch_320.pth
Epoch [322/20000], Loss: 0.0957
Epoch [320/20000], Loss: 0.0959
Checkpoint saved at /work2/10214/yu_yao/Research_Projects/Microstructure_Enough/deep_faker/src/checkpoints_main/cp_CNN_DF/checkpoint_epoch_320.pth
Epoch [321/20000], Loss: 0.0960
Epoch [321/20000], Loss: 0.0960
Epoch [323/20000], Loss: 0.0959
Epoch [321/20000], Loss: 0.0960
Epoch [322/20000], Loss: 0.0957
Epoch [322/20000], Loss: 0.0957
Epoch [322/20000], Loss: 0.0957
Epoch [324/20000], Loss: 0.0963
Epoch [323/20000], Loss: 0.0959
Epoch [323/20000], Loss: 0.0959
Epoch [325/20000], Loss: 0.0961
Epoch [323/20000], Loss: 0.0959
Epoch [324/20000], Loss: 0.0963
Epoch [324/20000], Loss: 0.0963
Epoch [326/20000], Loss: 0.0958
Epoch [324/20000], Loss: 0.0963
Epoch [325/20000], Loss: 0.0961
Epoch [325/20000], Loss: 0.0961
Epoch [325/20000], Loss: 0.0961
Epoch [327/20000], Loss: 0.0958
Epoch [326/20000], Loss: 0.0958
Epoch [326/20000], Loss: 0.0958
Epoch [326/20000], Loss: 0.0958
Epoch [328/20000], Loss: 0.0955
Epoch [327/20000], Loss: 0.0958
Epoch [327/20000], Loss: 0.0958
Epoch [327/20000], Loss: 0.0958
Epoch [329/20000], Loss: 0.0952
Epoch [328/20000], Loss: 0.0955
Epoch [328/20000], Loss: 0.0955
Epoch [328/20000], Loss: 0.0955
Epoch [330/20000], Loss: 0.0965
Epoch [329/20000], Loss: 0.0952
Epoch [329/20000], Loss: 0.0952
Epoch [329/20000], Loss: 0.0952
Epoch [331/20000], Loss: 0.0958
Epoch [330/20000], Loss: 0.0965
Epoch [330/20000], Loss: 0.0965
Epoch [330/20000], Loss: 0.0965
Epoch [332/20000], Loss: 0.0954
Epoch [331/20000], Loss: 0.0958
Epoch [331/20000], Loss: 0.0958
Epoch [331/20000], Loss: 0.0958
Epoch [333/20000], Loss: 0.0951
Epoch [332/20000], Loss: 0.0954
Epoch [332/20000], Loss: 0.0954
Epoch [332/20000], Loss: 0.0954
Epoch [334/20000], Loss: 0.0955
Epoch [333/20000], Loss: 0.0951
Epoch [333/20000], Loss: 0.0951
Epoch [333/20000], Loss: 0.0951
Epoch [335/20000], Loss: 0.0954
Epoch [334/20000], Loss: 0.0955
Epoch [334/20000], Loss: 0.0955
Epoch [334/20000], Loss: 0.0955
Epoch [336/20000], Loss: 0.0954
Epoch [335/20000], Loss: 0.0954
Epoch [335/20000], Loss: 0.0954
Epoch [335/20000], Loss: 0.0954
Epoch [337/20000], Loss: 0.0950
Epoch [336/20000], Loss: 0.0954
Epoch [338/20000], Loss: 0.0952
Epoch [336/20000], Loss: 0.0954
Epoch [336/20000], Loss: 0.0954
Epoch [337/20000], Loss: 0.0950
Epoch [339/20000], Loss: 0.0957
Epoch [337/20000], Loss: 0.0950
Epoch [337/20000], Loss: 0.0950
Epoch [338/20000], Loss: 0.0952
Epoch [340/20000], Loss: 0.0952
Checkpoint saved at /work2/10214/yu_yao/Research_Projects/Microstructure_Enough/deep_faker/src/checkpoints_main/cp_CNN_DF/checkpoint_epoch_340.pth
Epoch [338/20000], Loss: 0.0952
Epoch [338/20000], Loss: 0.0952
Epoch [339/20000], Loss: 0.0957
Epoch [341/20000], Loss: 0.0953
Epoch [339/20000], Loss: 0.0957
Epoch [339/20000], Loss: 0.0957
Epoch [340/20000], Loss: 0.0952
Checkpoint saved at /work2/10214/yu_yao/Research_Projects/Microstructure_Enough/deep_faker/src/checkpoints_main/cp_CNN_DF/checkpoint_epoch_340.pth
Epoch [342/20000], Loss: 0.0954
Epoch [340/20000], Loss: 0.0952
Checkpoint saved at /work2/10214/yu_yao/Research_Projects/Microstructure_Enough/deep_faker/src/checkpoints_main/cp_CNN_DF/checkpoint_epoch_340.pth
Epoch [340/20000], Loss: 0.0952
Checkpoint saved at /work2/10214/yu_yao/Research_Projects/Microstructure_Enough/deep_faker/src/checkpoints_main/cp_CNN_DF/checkpoint_epoch_340.pth
Epoch [341/20000], Loss: 0.0953
Epoch [343/20000], Loss: 0.0958
Epoch [341/20000], Loss: 0.0953
Epoch [341/20000], Loss: 0.0953
Epoch [342/20000], Loss: 0.0954
Epoch [344/20000], Loss: 0.0957
Epoch [342/20000], Loss: 0.0954
Epoch [342/20000], Loss: 0.0954
Epoch [343/20000], Loss: 0.0958
Epoch [345/20000], Loss: 0.0952
Epoch [343/20000], Loss: 0.0958
Epoch [343/20000], Loss: 0.0958
Epoch [344/20000], Loss: 0.0957
Epoch [346/20000], Loss: 0.0948
Epoch [344/20000], Loss: 0.0957
Epoch [344/20000], Loss: 0.0957
Epoch [345/20000], Loss: 0.0952
Epoch [347/20000], Loss: 0.0963
Epoch [345/20000], Loss: 0.0952
Epoch [345/20000], Loss: 0.0952
Epoch [346/20000], Loss: 0.0948
Epoch [348/20000], Loss: 0.0952
Epoch [346/20000], Loss: 0.0948
Epoch [346/20000], Loss: 0.0948
Epoch [347/20000], Loss: 0.0963
Epoch [349/20000], Loss: 0.0952
Epoch [347/20000], Loss: 0.0963
Epoch [347/20000], Loss: 0.0963
Epoch [348/20000], Loss: 0.0952
Epoch [350/20000], Loss: 0.0955
Epoch [348/20000], Loss: 0.0952
Epoch [348/20000], Loss: 0.0952
Epoch [349/20000], Loss: 0.0952
Epoch [351/20000], Loss: 0.0957
Epoch [349/20000], Loss: 0.0952
Epoch [349/20000], Loss: 0.0952
Epoch [350/20000], Loss: 0.0955
Epoch [352/20000], Loss: 0.0952
Epoch [350/20000], Loss: 0.0955
Epoch [350/20000], Loss: 0.0955
Epoch [351/20000], Loss: 0.0957
Epoch [353/20000], Loss: 0.0952
Epoch [351/20000], Loss: 0.0957
Epoch [351/20000], Loss: 0.0957
Epoch [352/20000], Loss: 0.0952
Epoch [354/20000], Loss: 0.0953
Epoch [352/20000], Loss: 0.0952
Epoch [352/20000], Loss: 0.0952
Epoch [353/20000], Loss: 0.0952
Epoch [355/20000], Loss: 0.0949
Epoch [353/20000], Loss: 0.0952
Epoch [353/20000], Loss: 0.0952
Epoch [354/20000], Loss: 0.0953
Epoch [356/20000], Loss: 0.0955
Epoch [354/20000], Loss: 0.0953
Epoch [354/20000], Loss: 0.0953
Epoch [355/20000], Loss: 0.0949
Epoch [357/20000], Loss: 0.0961
Epoch [355/20000], Loss: 0.0949
Epoch [355/20000], Loss: 0.0949
Epoch [356/20000], Loss: 0.0955
Epoch [358/20000], Loss: 0.0952
Epoch [356/20000], Loss: 0.0955
Epoch [356/20000], Loss: 0.0955
Epoch [357/20000], Loss: 0.0961
Epoch [359/20000], Loss: 0.0950
Epoch [357/20000], Loss: 0.0961
Epoch [357/20000], Loss: 0.0961
Epoch [358/20000], Loss: 0.0952
Epoch [360/20000], Loss: 0.0952
Checkpoint saved at /work2/10214/yu_yao/Research_Projects/Microstructure_Enough/deep_faker/src/checkpoints_main/cp_CNN_DF/checkpoint_epoch_360.pth
Epoch [358/20000], Loss: 0.0952
Epoch [358/20000], Loss: 0.0952
Epoch [359/20000], Loss: 0.0950
Epoch [361/20000], Loss: 0.0954
Epoch [359/20000], Loss: 0.0950
Epoch [359/20000], Loss: 0.0950
Epoch [360/20000], Loss: 0.0952
Checkpoint saved at /work2/10214/yu_yao/Research_Projects/Microstructure_Enough/deep_faker/src/checkpoints_main/cp_CNN_DF/checkpoint_epoch_360.pth
Epoch [362/20000], Loss: 0.0947
Epoch [360/20000], Loss: 0.0952
Checkpoint saved at /work2/10214/yu_yao/Research_Projects/Microstructure_Enough/deep_faker/src/checkpoints_main/cp_CNN_DF/checkpoint_epoch_360.pth
Epoch [360/20000], Loss: 0.0952
Checkpoint saved at /work2/10214/yu_yao/Research_Projects/Microstructure_Enough/deep_faker/src/checkpoints_main/cp_CNN_DF/checkpoint_epoch_360.pth
Epoch [361/20000], Loss: 0.0954
Epoch [363/20000], Loss: 0.0946
Epoch [361/20000], Loss: 0.0954
Epoch [361/20000], Loss: 0.0954
Epoch [362/20000], Loss: 0.0947
Epoch [364/20000], Loss: 0.0948
Epoch [362/20000], Loss: 0.0947
Epoch [362/20000], Loss: 0.0947
Epoch [363/20000], Loss: 0.0946
Epoch [365/20000], Loss: 0.0953
Epoch [363/20000], Loss: 0.0946
Epoch [363/20000], Loss: 0.0946
Epoch [364/20000], Loss: 0.0948
Epoch [366/20000], Loss: 0.0956
Epoch [364/20000], Loss: 0.0948
Epoch [364/20000], Loss: 0.0948
Epoch [365/20000], Loss: 0.0953
Epoch [367/20000], Loss: 0.0949
Epoch [365/20000], Loss: 0.0953
Epoch [365/20000], Loss: 0.0953
Epoch [366/20000], Loss: 0.0956
Epoch [368/20000], Loss: 0.0954
Epoch [366/20000], Loss: 0.0956
Epoch [366/20000], Loss: 0.0956
Epoch [367/20000], Loss: 0.0949
Epoch [369/20000], Loss: 0.0959
Epoch [367/20000], Loss: 0.0949
Epoch [367/20000], Loss: 0.0949
Epoch [368/20000], Loss: 0.0954
Epoch [370/20000], Loss: 0.0944
Epoch [368/20000], Loss: 0.0954
Epoch [368/20000], Loss: 0.0954
Epoch [369/20000], Loss: 0.0959
Epoch [371/20000], Loss: 0.0953
Epoch [369/20000], Loss: 0.0959
Epoch [369/20000], Loss: 0.0959
Epoch [370/20000], Loss: 0.0944
Epoch [372/20000], Loss: 0.0958
Epoch [370/20000], Loss: 0.0944
Epoch [370/20000], Loss: 0.0944
Epoch [371/20000], Loss: 0.0953
Epoch [373/20000], Loss: 0.0951
Epoch [371/20000], Loss: 0.0953
Epoch [371/20000], Loss: 0.0953
Epoch [372/20000], Loss: 0.0958
Epoch [374/20000], Loss: 0.0945
Epoch [372/20000], Loss: 0.0958
Epoch [372/20000], Loss: 0.0958
Epoch [373/20000], Loss: 0.0951
Epoch [375/20000], Loss: 0.0945
Epoch [373/20000], Loss: 0.0951
Epoch [373/20000], Loss: 0.0951
Epoch [374/20000], Loss: 0.0945
Epoch [376/20000], Loss: 0.0942
Epoch [374/20000], Loss: 0.0945
Epoch [374/20000], Loss: 0.0945
Epoch [375/20000], Loss: 0.0945
Epoch [377/20000], Loss: 0.0947
Epoch [375/20000], Loss: 0.0945
Epoch [375/20000], Loss: 0.0945
Epoch [376/20000], Loss: 0.0942
Epoch [378/20000], Loss: 0.0955
Epoch [376/20000], Loss: 0.0942
Epoch [376/20000], Loss: 0.0942
Epoch [377/20000], Loss: 0.0947
Epoch [379/20000], Loss: 0.0945
Epoch [377/20000], Loss: 0.0947
Epoch [377/20000], Loss: 0.0947
Epoch [378/20000], Loss: 0.0955
Epoch [380/20000], Loss: 0.0953
Checkpoint saved at /work2/10214/yu_yao/Research_Projects/Microstructure_Enough/deep_faker/src/checkpoints_main/cp_CNN_DF/checkpoint_epoch_380.pth
Epoch [378/20000], Loss: 0.0955
Epoch [378/20000], Loss: 0.0955
Epoch [379/20000], Loss: 0.0945
Epoch [381/20000], Loss: 0.0945
Epoch [379/20000], Loss: 0.0945
Epoch [379/20000], Loss: 0.0945
Epoch [380/20000], Loss: 0.0953
Checkpoint saved at /work2/10214/yu_yao/Research_Projects/Microstructure_Enough/deep_faker/src/checkpoints_main/cp_CNN_DF/checkpoint_epoch_380.pth
Epoch [382/20000], Loss: 0.0949
Epoch [380/20000], Loss: 0.0953
Checkpoint saved at /work2/10214/yu_yao/Research_Projects/Microstructure_Enough/deep_faker/src/checkpoints_main/cp_CNN_DF/checkpoint_epoch_380.pth
Epoch [380/20000], Loss: 0.0953
Checkpoint saved at /work2/10214/yu_yao/Research_Projects/Microstructure_Enough/deep_faker/src/checkpoints_main/cp_CNN_DF/checkpoint_epoch_380.pth
Epoch [381/20000], Loss: 0.0945
Epoch [383/20000], Loss: 0.0943
Epoch [381/20000], Loss: 0.0945
Epoch [381/20000], Loss: 0.0945
Epoch [382/20000], Loss: 0.0949
Epoch [384/20000], Loss: 0.0944
Epoch [382/20000], Loss: 0.0949
Epoch [382/20000], Loss: 0.0949
Epoch [383/20000], Loss: 0.0943
Epoch [385/20000], Loss: 0.0947
Epoch [383/20000], Loss: 0.0943
Epoch [383/20000], Loss: 0.0943
Epoch [384/20000], Loss: 0.0944
Epoch [386/20000], Loss: 0.0943
Epoch [384/20000], Loss: 0.0944
Epoch [384/20000], Loss: 0.0944
Epoch [385/20000], Loss: 0.0947
Epoch [387/20000], Loss: 0.0948
Epoch [385/20000], Loss: 0.0947
Epoch [385/20000], Loss: 0.0947
Epoch [386/20000], Loss: 0.0943
Epoch [388/20000], Loss: 0.0941
Epoch [386/20000], Loss: 0.0943
Epoch [386/20000], Loss: 0.0943
Epoch [387/20000], Loss: 0.0948
Epoch [387/20000], Loss: 0.0948
Epoch [389/20000], Loss: 0.0945
Epoch [387/20000], Loss: 0.0948
Epoch [388/20000], Loss: 0.0941
Epoch [388/20000], Loss: 0.0941
Epoch [390/20000], Loss: 0.0946
Epoch [388/20000], Loss: 0.0941
Epoch [389/20000], Loss: 0.0945
Epoch [389/20000], Loss: 0.0945
Epoch [391/20000], Loss: 0.0947
Epoch [389/20000], Loss: 0.0945
Epoch [390/20000], Loss: 0.0946
Epoch [390/20000], Loss: 0.0946
Epoch [392/20000], Loss: 0.0940
Epoch [390/20000], Loss: 0.0946
Epoch [391/20000], Loss: 0.0947
Epoch [393/20000], Loss: 0.0939
Epoch [391/20000], Loss: 0.0947
Epoch [391/20000], Loss: 0.0947
Epoch [392/20000], Loss: 0.0940
Epoch [394/20000], Loss: 0.0944
Epoch [392/20000], Loss: 0.0940
Epoch [392/20000], Loss: 0.0940
Epoch [393/20000], Loss: 0.0939
Epoch [395/20000], Loss: 0.0942
Epoch [393/20000], Loss: 0.0939
Epoch [393/20000], Loss: 0.0939
Epoch [394/20000], Loss: 0.0944
Epoch [396/20000], Loss: 0.0943
Epoch [394/20000], Loss: 0.0944
Epoch [394/20000], Loss: 0.0944
Epoch [395/20000], Loss: 0.0942
Epoch [397/20000], Loss: 0.0945
Epoch [395/20000], Loss: 0.0942
Epoch [395/20000], Loss: 0.0942
Epoch [396/20000], Loss: 0.0943
Epoch [398/20000], Loss: 0.0940
Epoch [396/20000], Loss: 0.0943
Epoch [396/20000], Loss: 0.0943
Epoch [397/20000], Loss: 0.0945
Epoch [399/20000], Loss: 0.0940
Epoch [397/20000], Loss: 0.0945
Epoch [397/20000], Loss: 0.0945
Epoch [398/20000], Loss: 0.0940
Epoch [400/20000], Loss: 0.0946
Checkpoint saved at /work2/10214/yu_yao/Research_Projects/Microstructure_Enough/deep_faker/src/checkpoints_main/cp_CNN_DF/checkpoint_epoch_400.pth
Epoch [398/20000], Loss: 0.0940
Epoch [398/20000], Loss: 0.0940
Epoch [399/20000], Loss: 0.0940
Epoch [401/20000], Loss: 0.0943
Epoch [399/20000], Loss: 0.0940
Epoch [399/20000], Loss: 0.0940
Epoch [400/20000], Loss: 0.0946
Checkpoint saved at /work2/10214/yu_yao/Research_Projects/Microstructure_Enough/deep_faker/src/checkpoints_main/cp_CNN_DF/checkpoint_epoch_400.pth
Epoch [402/20000], Loss: 0.0947
Epoch [400/20000], Loss: 0.0946
Checkpoint saved at /work2/10214/yu_yao/Research_Projects/Microstructure_Enough/deep_faker/src/checkpoints_main/cp_CNN_DF/checkpoint_epoch_400.pth
Epoch [400/20000], Loss: 0.0946
Checkpoint saved at /work2/10214/yu_yao/Research_Projects/Microstructure_Enough/deep_faker/src/checkpoints_main/cp_CNN_DF/checkpoint_epoch_400.pth
Epoch [401/20000], Loss: 0.0943
Epoch [403/20000], Loss: 0.0945
Epoch [401/20000], Loss: 0.0943
Epoch [401/20000], Loss: 0.0943
Epoch [402/20000], Loss: 0.0947
Epoch [404/20000], Loss: 0.0941
Epoch [402/20000], Loss: 0.0947
Epoch [402/20000], Loss: 0.0947
Epoch [403/20000], Loss: 0.0945
Epoch [405/20000], Loss: 0.0942
Epoch [403/20000], Loss: 0.0945
Epoch [403/20000], Loss: 0.0945
Epoch [404/20000], Loss: 0.0941
Epoch [406/20000], Loss: 0.0942
Epoch [404/20000], Loss: 0.0941
Epoch [404/20000], Loss: 0.0941
Epoch [405/20000], Loss: 0.0942
Epoch [407/20000], Loss: 0.0938
Epoch [405/20000], Loss: 0.0942
Epoch [405/20000], Loss: 0.0942
Epoch [406/20000], Loss: 0.0942
Epoch [408/20000], Loss: 0.0938
Epoch [406/20000], Loss: 0.0942
Epoch [406/20000], Loss: 0.0942
Epoch [407/20000], Loss: 0.0938
Epoch [409/20000], Loss: 0.0940
Epoch [407/20000], Loss: 0.0938
Epoch [407/20000], Loss: 0.0938
Epoch [408/20000], Loss: 0.0938
Epoch [410/20000], Loss: 0.0940
Epoch [408/20000], Loss: 0.0938
Epoch [408/20000], Loss: 0.0938
Epoch [409/20000], Loss: 0.0940
Epoch [411/20000], Loss: 0.0941
Epoch [409/20000], Loss: 0.0940
Epoch [409/20000], Loss: 0.0940
Epoch [410/20000], Loss: 0.0940
Epoch [412/20000], Loss: 0.0938
Epoch [410/20000], Loss: 0.0940
Epoch [410/20000], Loss: 0.0940
Epoch [411/20000], Loss: 0.0941
Epoch [413/20000], Loss: 0.0943
Epoch [411/20000], Loss: 0.0941
Epoch [411/20000], Loss: 0.0941
Epoch [412/20000], Loss: 0.0938
Epoch [414/20000], Loss: 0.0938
Epoch [412/20000], Loss: 0.0938
Epoch [412/20000], Loss: 0.0938
Epoch [415/20000], Loss: 0.0937
Epoch [413/20000], Loss: 0.0943
Epoch [413/20000], Loss: 0.0943
Epoch [413/20000], Loss: 0.0943
Epoch [416/20000], Loss: 0.0942
Epoch [414/20000], Loss: 0.0938
Epoch [414/20000], Loss: 0.0938
Epoch [414/20000], Loss: 0.0938
Epoch [417/20000], Loss: 0.0941
Epoch [415/20000], Loss: 0.0937
Epoch [415/20000], Loss: 0.0937
Epoch [415/20000], Loss: 0.0937
Epoch [418/20000], Loss: 0.0932
Epoch [416/20000], Loss: 0.0942
Epoch [416/20000], Loss: 0.0942
Epoch [416/20000], Loss: 0.0942
Epoch [419/20000], Loss: 0.0939
Epoch [417/20000], Loss: 0.0941
Epoch [417/20000], Loss: 0.0941
Epoch [417/20000], Loss: 0.0941
Epoch [420/20000], Loss: 0.0937
Checkpoint saved at /work2/10214/yu_yao/Research_Projects/Microstructure_Enough/deep_faker/src/checkpoints_main/cp_CNN_DF/checkpoint_epoch_420.pth
Epoch [418/20000], Loss: 0.0932
Epoch [418/20000], Loss: 0.0932
Epoch [418/20000], Loss: 0.0932
Epoch [421/20000], Loss: 0.0938
Epoch [419/20000], Loss: 0.0939
Epoch [419/20000], Loss: 0.0939
Epoch [419/20000], Loss: 0.0939
Epoch [422/20000], Loss: 0.0939
Epoch [420/20000], Loss: 0.0937
Checkpoint saved at /work2/10214/yu_yao/Research_Projects/Microstructure_Enough/deep_faker/src/checkpoints_main/cp_CNN_DF/checkpoint_epoch_420.pth
Epoch [420/20000], Loss: 0.0937
Checkpoint saved at /work2/10214/yu_yao/Research_Projects/Microstructure_Enough/deep_faker/src/checkpoints_main/cp_CNN_DF/checkpoint_epoch_420.pth
Epoch [420/20000], Loss: 0.0937
Checkpoint saved at /work2/10214/yu_yao/Research_Projects/Microstructure_Enough/deep_faker/src/checkpoints_main/cp_CNN_DF/checkpoint_epoch_420.pth
Epoch [423/20000], Loss: 0.0933
Epoch [421/20000], Loss: 0.0938
Epoch [421/20000], Loss: 0.0938
Epoch [421/20000], Loss: 0.0938
Epoch [424/20000], Loss: 0.0941
Epoch [422/20000], Loss: 0.0939
Epoch [422/20000], Loss: 0.0939
Epoch [422/20000], Loss: 0.0939
Epoch [425/20000], Loss: 0.0932
Epoch [423/20000], Loss: 0.0933
Epoch [423/20000], Loss: 0.0933
Epoch [423/20000], Loss: 0.0933
Epoch [426/20000], Loss: 0.0938
Epoch [424/20000], Loss: 0.0941
Epoch [424/20000], Loss: 0.0941
Epoch [424/20000], Loss: 0.0941
Epoch [427/20000], Loss: 0.0935
Epoch [425/20000], Loss: 0.0932
Epoch [425/20000], Loss: 0.0932
Epoch [425/20000], Loss: 0.0932
Epoch [428/20000], Loss: 0.0931
Epoch [426/20000], Loss: 0.0938
Epoch [426/20000], Loss: 0.0938
Epoch [426/20000], Loss: 0.0938
Epoch [429/20000], Loss: 0.0940
Epoch [427/20000], Loss: 0.0935
Epoch [427/20000], Loss: 0.0935
Epoch [427/20000], Loss: 0.0935
Epoch [430/20000], Loss: 0.0941
Epoch [428/20000], Loss: 0.0931
Epoch [428/20000], Loss: 0.0931
Epoch [428/20000], Loss: 0.0931
Epoch [431/20000], Loss: 0.0937
Epoch [429/20000], Loss: 0.0940
Epoch [429/20000], Loss: 0.0940
